<?xml version="1.0" encoding="UTF-8"?>
<!-- Generated by org.testng.reporters.JUnitReportReporter -->
<testsuite hostname="DESKTOP-8IO9O82" failures="0" tests="3" name="jun25.Demo2" time="22.310" errors="0" timestamp="2021-06-25T09:35:20 IST" skipped="0">
  <testcase classname="jun25.Demo2" name="f2" time="3.461"/>
  <system-out/>
  <testcase classname="jun25.Demo2" name="f3" time="9.200"/>
  <system-out/>
  <testcase classname="jun25.Demo2" name="f" time="9.649"/>
  <system-out/>
</testsuite> <!-- jun25.Demo2 -->
