<?xml version="1.0" encoding="UTF-8"?>
<!-- Generated by org.testng.reporters.JUnitReportReporter -->
<testsuite hostname="DESKTOP-8IO9O82" failures="0" tests="3" name="jun25_2.Demo1" time="12.175" errors="0" timestamp="2021-06-25T09:48:28 IST" skipped="0">
  <testcase classname="jun25_2.Demo1" name="f" time="5.818"/>
  <system-out/>
  <testcase classname="jun25_2.Demo1" name="f3" time="5.688"/>
  <system-out/>
  <testcase classname="jun25_2.Demo1" name="f2" time="0.669"/>
  <system-out/>
</testsuite> <!-- jun25_2.Demo1 -->
