<?xml version="1.0" encoding="UTF-8"?>
<!-- Generated by org.testng.reporters.JUnitReportReporter -->
<testsuite hostname="DESKTOP-8IO9O82" failures="0" tests="4" name="jun24.Sample4DependsOn" time="0.015" errors="0" timestamp="2021-06-24T10:07:13 IST" skipped="0">
  <testcase classname="jun24.Sample4DependsOn" name="Banana" time="0.011"/>
  <system-out/>
  <testcase classname="jun24.Sample4DependsOn" name="Apple" time="0.001"/>
  <system-out/>
  <testcase classname="jun24.Sample4DependsOn" name="Papaya" time="0.002"/>
  <system-out/>
  <testcase classname="jun24.Sample4DependsOn" name="Mango" time="0.001"/>
  <system-out/>
</testsuite> <!-- jun24.Sample4DependsOn -->
