<?xml version="1.0" encoding="UTF-8"?>
<!-- Generated by org.testng.reporters.JUnitReportReporter -->
<testsuite hostname="DESKTOP-8IO9O82" failures="0" tests="3" name="jne23.Demo2" time="0.016" errors="0" timestamp="2021-06-23T09:53:06 IST" skipped="0">
  <testcase classname="jne23.Demo2" name="fox" time="0.006"/>
  <system-out/>
  <testcase classname="jne23.Demo2" name="horse" time="0.002"/>
  <system-out/>
  <testcase classname="jne23.Demo2" name="apple" time="0.008"/>
  <system-out/>
</testsuite> <!-- jne23.Demo2 -->
