<?xml version="1.0" encoding="UTF-8"?>
<!-- Generated by org.testng.reporters.JUnitReportReporter -->
<testsuite hostname="DESKTOP-8IO9O82" failures="0" tests="2" name="jne23.Demo3" time="0.006" errors="0" timestamp="2021-06-23T10:04:27 IST" skipped="0">
  <testcase classname="jne23.Demo3" name="test" time="0.005"/>
  <system-out/>
  <testcase classname="jne23.Demo3" name="test2" time="0.001"/>
  <system-out/>
</testsuite> <!-- jne23.Demo3 -->
