<?xml version="1.0" encoding="UTF-8"?>
<!-- Generated by org.testng.reporters.JUnitReportReporter -->
<testsuite hostname="DESKTOP-8IO9O82" failures="0" tests="3" name="jun26Testcases.Demo1" time="37.181" errors="0" timestamp="2021-06-26T09:35:08 IST" skipped="0">
  <testcase classname="jun26Testcases.Demo1" name="f3" time="15.415"/>
  <system-out/>
  <testcase classname="jun26Testcases.Demo1" name="f" time="12.469"/>
  <system-out/>
  <testcase classname="jun26Testcases.Demo1" name="f2" time="9.297"/>
  <system-out/>
</testsuite> <!-- jun26Testcases.Demo1 -->
