<?xml version="1.0" encoding="UTF-8"?>
<!-- Generated by org.testng.reporters.JUnitReportReporter -->
<testsuite hostname="DESKTOP-8IO9O82" failures="0" tests="1" name="jun28_log4j.LogTest" time="0.021" errors="0" timestamp="2021-06-29T09:20:36 IST" skipped="0">
  <testcase classname="jun28_log4j.LogTest" name="Print" time="0.021"/>
  <system-out/>
</testsuite> <!-- jun28_log4j.LogTest -->
