<?xml version="1.0" encoding="UTF-8"?>
<!-- Generated by org.testng.reporters.JUnitReportReporter -->
<testsuite hostname="DESKTOP-8IO9O82" failures="0" tests="4" name="jun24.Sample3" time="0.017" errors="0" timestamp="2021-06-24T10:04:19 IST" skipped="0">
  <testcase classname="jun24.Sample3" name="Banana" time="0.011"/>
  <system-out/>
  <testcase classname="jun24.Sample3" name="Apple" time="0.002"/>
  <system-out/>
  <testcase classname="jun24.Sample3" name="Mango" time="0.002"/>
  <system-out/>
  <testcase classname="jun24.Sample3" name="Papaya" time="0.002"/>
  <system-out/>
</testsuite> <!-- jun24.Sample3 -->
