<?xml version="1.0" encoding="UTF-8"?>
<!-- Generated by org.testng.reporters.JUnitReportReporter -->
<testsuite hostname="DESKTOP-8IO9O82" failures="0" tests="1" name="jne23.Demo1" time="0.010" errors="0" timestamp="2021-06-23T09:42:08 IST" skipped="0">
  <testcase classname="jne23.Demo1" name="f2" time="0.010"/>
  <system-out/>
</testsuite> <!-- jne23.Demo1 -->
