<?xml version="1.0" encoding="UTF-8"?>
<!-- Generated by org.testng.reporters.JUnitReportReporter -->
<testsuite hostname="DESKTOP-8IO9O82" failures="0" tests="3" name="jun25.Demo1" time="211.368" errors="0" timestamp="2021-06-25T09:32:03 IST" skipped="0">
  <testcase classname="jun25.Demo1" name="f2" time="9.427"/>
  <system-out/>
  <testcase classname="jun25.Demo1" name="f3" time="190.804"/>
  <system-out/>
  <testcase classname="jun25.Demo1" name="f" time="11.137"/>
  <system-out/>
</testsuite> <!-- jun25.Demo1 -->
