<?xml version="1.0" encoding="UTF-8"?>
<!-- Generated by org.testng.reporters.JUnitReportReporter -->
<testsuite hostname="DESKTOP-8IO9O82" failures="0" tests="1" name="jun24.Sample2" time="0.001" errors="0" timestamp="2021-06-24T09:54:26 IST" skipped="0">
  <testcase classname="jun24.Sample2" name="f" time="0.001"/>
  <system-out/>
</testsuite> <!-- jun24.Sample2 -->
