<?xml version="1.0" encoding="UTF-8"?>
<!-- Generated by org.testng.reporters.JUnitReportReporter -->
<testsuite hostname="DESKTOP-8IO9O82" failures="0" tests="6" name="jun23.Demo2" time="0.012" errors="0" timestamp="2021-06-24T09:54:26 IST" skipped="0">
  <testcase classname="jun23.Demo2" name="apple" time="0.001"/>
  <system-out/>
  <testcase classname="jun23.Demo2" name="fox" time="0.003"/>
  <system-out/>
  <testcase classname="jun23.Demo2" name="fox" time="0.001"/>
  <system-out/>
  <testcase classname="jun23.Demo2" name="horse" time="0.002"/>
  <system-out/>
  <testcase classname="jun23.Demo2" name="apple" time="0.002"/>
  <system-out/>
  <testcase classname="jun23.Demo2" name="horse" time="0.003"/>
  <system-out/>
</testsuite> <!-- jun23.Demo2 -->
