<?xml version="1.0" encoding="UTF-8"?>
<!-- Generated by org.testng.reporters.JUnitReportReporter -->
<testsuite hostname="DESKTOP-8IO9O82" failures="0" tests="4" name="jun23.Demo3" time="0.006" errors="0" timestamp="2021-06-24T09:54:26 IST" skipped="0">
  <testcase classname="jun23.Demo3" name="test" time="0.001"/>
  <system-out/>
  <testcase classname="jun23.Demo3" name="test" time="0.002"/>
  <system-out/>
  <testcase classname="jun23.Demo3" name="test2" time="0.001"/>
  <system-out/>
  <testcase classname="jun23.Demo3" name="test2" time="0.002"/>
  <system-out/>
</testsuite> <!-- jun23.Demo3 -->
