<?xml version="1.0" encoding="UTF-8"?>
<!-- Generated by org.testng.reporters.JUnitReportReporter -->
<testsuite hostname="DESKTOP-8IO9O82" failures="0" tests="1" name="jun27.CreateAccountTestcase" time="25.239" errors="0" timestamp="2021-07-03T10:04:36 IST" skipped="0">
  <testcase classname="jun27.CreateAccountTestcase" name="createAccount" time="25.239"/>
  <system-out/>
</testsuite> <!-- jun27.CreateAccountTestcase -->
